<?xml version="1.0" encoding="UTF-8"?>
<!-- Generated by org.testng.reporters.JUnitXMLReporter -->
<testsuite hostname="LAPTOP-HFLEK3MM" name="Test1" tests="2" failures="0" timestamp="9 Jul 2021 18:27:50 GMT" time="0.02" errors="0">
  <testcase name="@BeforeSuite SetUp" time="0.0" classname="com.qa.flipkart.TestCases.LoginPageTest">
    <failure type="org.testng.TestNGException" message="
Parameter &amp;apos;browser&amp;apos; is required by @Configuration on method SetUp but has not been marked @Optional or defined
in C:\Users\PRACHI\workspace\project_automation\testng.xml">
      <![CDATA[org.testng.TestNGException: 
Parameter 'browser' is required by @Configuration on method SetUp but has not been marked @Optional or defined
in C:\Users\PRACHI\workspace\project_automation\testng.xml
... Removed 16 stack frames]]>
    </failure>
  </testcase> <!-- @BeforeSuite SetUp -->
  <testcase name="@BeforeSuite SetUp" time="0.0" classname="com.qa.flipkart.TestCases.LoginPageTest">
    <skipped/>
  </testcase> <!-- @BeforeSuite SetUp -->
  <testcase name="VerifyTitle" time="0.009" classname="com.qa.flipkart.TestCases.HomePageTest">
    <skipped/>
  </testcase> <!-- VerifyTitle -->
  <testcase name="Verify_Ethinic" time="0.0" classname="com.qa.flipkart.TestCases.HomePageTest">
    <skipped/>
  </testcase> <!-- Verify_Ethinic -->
</testsuite> <!-- Test1 -->
